<?xml version="1.0" encoding="UTF-8"?>
<testsuite xmlns:xsi="http://www.w3.org/2001/XMLSchema-instance" xsi:noNamespaceSchemaLocation="https://maven.apache.org/surefire/maven-surefire-plugin/xsd/surefire-test-report.xsd" name="com.excilys.computerDatabase.ComputerDAOTest" time="0.204" tests="4" errors="0" skipped="0" failures="0">
  <properties>
    <property name="sun.desktop" value="gnome"/>
    <property name="awt.toolkit" value="sun.awt.X11.XToolkit"/>
    <property name="java.specification.version" value="11"/>
    <property name="sun.cpu.isalist" value=""/>
    <property name="sun.jnu.encoding" value="UTF-8"/>
    <property name="java.class.path" value="/home/excilys/projetsEclipse/computerDatabase/target/test-classes:/home/excilys/projetsEclipse/computerDatabase/target/classes:/home/excilys/.m2/repository/junit/junit/4.12/junit-4.12.jar:/home/excilys/.m2/repository/org/hamcrest/hamcrest-core/1.3/hamcrest-core-1.3.jar:/home/excilys/.m2/repository/mysql/mysql-connector-java/5.1.39/mysql-connector-java-5.1.39.jar:/home/excilys/.m2/repository/com/h2database/h2/1.4.192/h2-1.4.192.jar:/home/excilys/.m2/repository/org/slf4j/slf4j-api/1.7.5/slf4j-api-1.7.5.jar:/home/excilys/.m2/repository/org/slf4j/slf4j-log4j12/1.7.5/slf4j-log4j12-1.7.5.jar:/home/excilys/.m2/repository/log4j/log4j/1.2.17/log4j-1.2.17.jar:/home/excilys/.m2/repository/javax/servlet/javax.servlet-api/4.0.0-b06/javax.servlet-api-4.0.0-b06.jar:/home/excilys/.m2/repository/javax/servlet/jstl/1.2/jstl-1.2.jar:"/>
    <property name="java.vm.vendor" value="Ubuntu"/>
    <property name="sun.arch.data.model" value="64"/>
    <property name="java.vendor.url" value="https://ubuntu.com/"/>
    <property name="user.timezone" value=""/>
    <property name="java.vm.specification.version" value="11"/>
    <property name="os.name" value="Linux"/>
    <property name="sun.java.launcher" value="SUN_STANDARD"/>
    <property name="user.country" value="FR"/>
    <property name="sun.boot.library.path" value="/usr/lib/jvm/java-11-openjdk-amd64/lib"/>
    <property name="sun.java.command" value="/home/excilys/projetsEclipse/computerDatabase/target/surefire/surefirebooter8325890353529513780.jar /home/excilys/projetsEclipse/computerDatabase/target/surefire 2020-01-29T15-36-52_879-jvmRun1 surefire8510636960503413766tmp surefire_05028204352866230511tmp"/>
    <property name="jdk.debug" value="release"/>
    <property name="surefire.test.class.path" value="/home/excilys/projetsEclipse/computerDatabase/target/test-classes:/home/excilys/projetsEclipse/computerDatabase/target/classes:/home/excilys/.m2/repository/junit/junit/4.12/junit-4.12.jar:/home/excilys/.m2/repository/org/hamcrest/hamcrest-core/1.3/hamcrest-core-1.3.jar:/home/excilys/.m2/repository/mysql/mysql-connector-java/5.1.39/mysql-connector-java-5.1.39.jar:/home/excilys/.m2/repository/com/h2database/h2/1.4.192/h2-1.4.192.jar:/home/excilys/.m2/repository/org/slf4j/slf4j-api/1.7.5/slf4j-api-1.7.5.jar:/home/excilys/.m2/repository/org/slf4j/slf4j-log4j12/1.7.5/slf4j-log4j12-1.7.5.jar:/home/excilys/.m2/repository/log4j/log4j/1.2.17/log4j-1.2.17.jar:/home/excilys/.m2/repository/javax/servlet/javax.servlet-api/4.0.0-b06/javax.servlet-api-4.0.0-b06.jar:/home/excilys/.m2/repository/javax/servlet/jstl/1.2/jstl-1.2.jar:"/>
    <property name="sun.cpu.endian" value="little"/>
    <property name="user.home" value="/home/excilys"/>
    <property name="user.language" value="fr"/>
    <property name="java.specification.vendor" value="Oracle Corporation"/>
    <property name="java.version.date" value="2020-01-14"/>
    <property name="java.home" value="/usr/lib/jvm/java-11-openjdk-amd64"/>
    <property name="file.separator" value="/"/>
    <property name="basedir" value="/home/excilys/projetsEclipse/computerDatabase"/>
    <property name="java.vm.compressedOopsMode" value="32-bit"/>
    <property name="line.separator" value="&#10;"/>
    <property name="java.specification.name" value="Java Platform API Specification"/>
    <property name="java.vm.specification.vendor" value="Oracle Corporation"/>
    <property name="java.awt.graphicsenv" value="sun.awt.X11GraphicsEnvironment"/>
    <property name="surefire.real.class.path" value="/home/excilys/projetsEclipse/computerDatabase/target/surefire/surefirebooter8325890353529513780.jar"/>
    <property name="sun.management.compiler" value="HotSpot 64-Bit Tiered Compilers"/>
    <property name="java.runtime.version" value="11.0.6+10-post-Ubuntu-1ubuntu118.04.1"/>
    <property name="user.name" value="excilys"/>
    <property name="path.separator" value=":"/>
    <property name="os.version" value="5.3.0-28-generic"/>
    <property name="java.runtime.name" value="OpenJDK Runtime Environment"/>
    <property name="file.encoding" value="UTF-8"/>
    <property name="java.vm.name" value="OpenJDK 64-Bit Server VM"/>
    <property name="localRepository" value="/home/excilys/.m2/repository"/>
    <property name="java.vendor.url.bug" value="https://bugs.launchpad.net/ubuntu/+source/openjdk-lts"/>
    <property name="java.io.tmpdir" value="/tmp"/>
    <property name="java.version" value="11.0.6"/>
    <property name="user.dir" value="/home/excilys/projetsEclipse/computerDatabase"/>
    <property name="os.arch" value="amd64"/>
    <property name="java.vm.specification.name" value="Java Virtual Machine Specification"/>
    <property name="java.awt.printerjob" value="sun.print.PSPrinterJob"/>
    <property name="sun.os.patch.level" value="unknown"/>
    <property name="java.library.path" value="/usr/java/packages/lib:/usr/lib/x86_64-linux-gnu/jni:/lib/x86_64-linux-gnu:/usr/lib/x86_64-linux-gnu:/usr/lib/jni:/lib:/usr/lib"/>
    <property name="java.vendor" value="Ubuntu"/>
    <property name="java.vm.info" value="mixed mode, sharing"/>
    <property name="java.vm.version" value="11.0.6+10-post-Ubuntu-1ubuntu118.04.1"/>
    <property name="sun.io.unicode.encoding" value="UnicodeLittle"/>
    <property name="java.class.version" value="55.0"/>
  </properties>
  <testcase name="testGetComputerById" classname="com.excilys.computerDatabase.ComputerDAOTest" time="0.025"/>
  <testcase name="testDeleteComputer" classname="com.excilys.computerDatabase.ComputerDAOTest" time="0.048"/>
  <testcase name="testGetListComputer" classname="com.excilys.computerDatabase.ComputerDAOTest" time="0.081"/>
  <testcase name="testAddComputer" classname="com.excilys.computerDatabase.ComputerDAOTest" time="0.048"/>
</testsuite>